2026-01-12 21:38:27 - __main__ - INFO - Generating 10000 samples...
2026-01-12 21:38:27 - __main__ - INFO - Dataset saved to C:\Users\cawoo\OneDrive\Documenten\AdaBoost Project\data\car_service_bookings.csv
2026-01-12 21:38:35 - __main__ - INFO - Loading data from C:\Users\cawoo\OneDrive\Documenten\AdaBoost Project\data\car_service_bookings.csv...
2026-01-12 21:38:35 - __main__ - INFO - Executing train-test split...
2026-01-12 21:38:35 - __main__ - INFO - Training final AdaBoost model on training set...
2026-01-12 21:38:37 - __main__ - INFO - Test Set Accuracy: 0.9255
2026-01-12 21:38:37 - __main__ - INFO - Test Set F1 Score: 0.8763
2026-01-12 21:38:37 - __main__ - INFO - Generating plots...
2026-01-12 21:38:37 - __main__ - INFO - Starting K-Fold Cross-Validation...
2026-01-12 21:38:43 - __main__ - INFO - Generating Learning Curve...
2026-01-12 21:38:49 - __main__ - INFO - Generating SHAP analysis using TreeExplainer...
2026-01-12 21:39:24 - __main__ - INFO - Loading data from C:\Users\cawoo\OneDrive\Documenten\AdaBoost Project\data\car_service_bookings.csv...
2026-01-12 21:39:24 - __main__ - INFO - Executing train-test split...
2026-01-12 21:39:24 - __main__ - INFO - Training final AdaBoost model on training set...
2026-01-12 21:39:24 - __main__ - INFO - Test Set Accuracy: 0.9255
2026-01-12 21:39:24 - __main__ - INFO - Test Set F1 Score: 0.8763
2026-01-12 21:39:24 - __main__ - INFO - Generating plots...
2026-01-12 21:39:25 - __main__ - INFO - Starting K-Fold Cross-Validation...
2026-01-12 21:39:35 - __main__ - INFO - Generating Learning Curve...
2026-01-12 21:39:46 - __main__ - INFO - Generating SHAP analysis using TreeExplainer...
2026-01-12 21:40:45 - __main__ - INFO - Generating 10000 samples...
2026-01-12 21:40:45 - __main__ - INFO - Dataset saved to C:\Users\cawoo\OneDrive\Documenten\AdaBoost Project\data\car_service_bookings.csv
2026-01-12 21:40:49 - __main__ - INFO - Loading data from C:\Users\cawoo\OneDrive\Documenten\AdaBoost Project\data\car_service_bookings.csv...
2026-01-12 21:40:49 - __main__ - INFO - Executing train-test split...
2026-01-12 21:40:49 - __main__ - INFO - Training final AdaBoost model on training set...
2026-01-12 21:40:50 - __main__ - INFO - Test Set Accuracy: 0.9255
2026-01-12 21:40:50 - __main__ - INFO - Test Set F1 Score: 0.8763
2026-01-12 21:40:50 - __main__ - INFO - Generating plots...
2026-01-12 21:40:50 - __main__ - INFO - Starting K-Fold Cross-Validation...
2026-01-12 21:40:56 - __main__ - INFO - Generating Learning Curve...
2026-01-12 21:41:05 - __main__ - INFO - Generating SHAP analysis...
2026-01-12 21:46:28 - __main__ - INFO - Performing quantitative probability impact analysis...
2026-01-12 21:46:30 - __main__ - INFO - Loading data for business plots from C:\Users\cawoo\OneDrive\Documenten\AdaBoost Project\data\car_service_bookings.csv...
2026-01-12 21:46:30 - __main__ - INFO - Generating Conversion Rate by Decile plot...
2026-01-12 21:46:30 - __main__ - INFO - Generating Engagement Score Distribution plot...
2026-01-12 21:46:30 - __main__ - INFO - Business plots saved to C:\Users\cawoo\OneDrive\Documenten\AdaBoost Project\plots
